<?xml version="1.0" encoding="utf-8"?><testsuites name="pytest tests"><testsuite name="pytest" errors="0" failures="1" skipped="0" tests="18" time="27.086" timestamp="2026-08-31T07:49:25.297539+00:00" hostname="agent-env-37cd6f92-5fd6-40ca-a3f6-d5316c862266"><testcase classname="tests.backend_test" name="test_root" time="0.215" /><testcase classname="tests.backend_test" name="test_records_seeded" time="0.344" /><testcase classname="tests.backend_test" name="test_records_filter_by_status" time="0.145" /><testcase classname="tests.backend_test" name="test_get_single_record" time="0.325" /><testcase classname="tests.backend_test" name="test_get_record_404" time="0.120" /><testcase classname="tests.backend_test" name="test_parcels" time="0.093" /><testcase classname="tests.backend_test" name="test_list_samples" time="0.109" /><testcase classname="tests.backend_test" name="test_serve_sample_file" time="0.264" /><testcase classname="tests.backend_test" name="test_serve_missing_file" time="0.506" /><testcase classname="tests.backend_test" name="test_decision_approve_and_reject" time="0.561" /><testcase classname="tests.backend_test" name="test_decision_invalid_action" time="0.248" /><testcase classname="tests.backend_test" name="test_decision_not_found" time="0.114" /><testcase classname="tests.backend_test" name="test_process_sample_no_gis_match" time="9.862" /><testcase classname="tests.backend_test" name="test_process_sample_area_mismatch" time="6.265"><failure message="AssertionError: assert 'flagged: no GIS match' in ('flagged: area mismatch', 'flagged: duplicate')">backend/tests/backend_test.py:144: in test_process_sample_area_mismatch
    assert data["status"] in ("flagged: area mismatch", "flagged: duplicate")
E   AssertionError: assert 'flagged: no GIS match' in ('flagged: area mismatch', 'flagged: duplicate')</failure></testcase><testcase classname="tests.backend_test" name="test_process_sample_not_found" time="0.161" /><testcase classname="tests.backend_test" name="test_upload_flow" time="7.077" /><testcase classname="tests.backend_test" name="test_upload_invalid_ext" time="0.152" /><testcase classname="tests.backend_test" name="test_zz_final_seed_reset" time="0.146" /></testsuite></testsuites>